<?xml version="1.0" encoding="UTF-8"?>
<!-- Generated by org.testng.reporters.JUnitReportReporter -->
<testsuite hostname="DESKTOP-SVOPH10" failures="0" tests="3" name="com.hrms.tdd.TDD" time="0.011" errors="0" timestamp="2020-07-28T21:41:03 EDT" skipped="0">
  <testcase classname="com.hrms.tdd.TDD" name="openingDoor" time="0.002"/>
  <system-out/>
  <testcase classname="com.hrms.tdd.TDD" name="knockingDoor" time="0.008"/>
  <system-out/>
  <testcase classname="com.hrms.tdd.TDD" name="closingDoor" time="0.001"/>
  <system-out/>
</testsuite> <!-- com.hrms.tdd.TDD -->
